{"C:\\Users\\abdal\\OneDrive\\Documents\\SenecaSem8\\job-search\\src\\components\\MainNav.vue": {"path":"C:\\Users\\abdal\\OneDrive\\Documents\\SenecaSem8\\job-search\\src\\components\\MainNav.vue","statementMap":{"0":{"start":{"line":4,"column":0},"end":{"line":6,"column":3}},"1":{"start":{"line":7,"column":0},"end":{"line":7,"column":25}},"2":{"start":{"line":8,"column":15},"end":{"line":17,"column":1}},"3":{"start":{"line":11,"column":4},"end":{"line":15,"column":6}},"4":{"start":{"line":20,"column":0},"end":{"line":20,"column":13}},"5":{"start":{"line":22,"column":0},"end":{"line":24,"column":3}},"6":{"start":{"line":25,"column":0},"end":{"line":25,"column":24}},"7":{"start":{"line":26,"column":11},"end":{"line":26,"column":25}},"8":{"start":{"line":27,"column":19},"end":{"line":29,"column":1}},"9":{"start":{"line":30,"column":19},"end":{"line":32,"column":1}},"10":{"start":{"line":33,"column":19},"end":{"line":35,"column":1}},"11":{"start":{"line":36,"column":19},"end":{"line":36,"column":27}},"12":{"start":{"line":37,"column":19},"end":{"line":39,"column":1}},"13":{"start":{"line":40,"column":19},"end":{"line":42,"column":1}},"14":{"start":{"line":43,"column":19},"end":{"line":46,"column":1}},"15":{"start":{"line":48,"column":2},"end":{"line":57,"column":43}},"16":{"start":{"line":52,"column":4},"end":{"line":56,"column":107}},"17":{"start":{"line":58,"column":2},"end":{"line":58,"column":49}}},"fnMap":{"0":{"name":"(anonymous_0)","decl":{"start":{"line":10,"column":2},"end":{"line":10,"column":3}},"loc":{"start":{"line":10,"column":9},"end":{"line":16,"column":3}},"line":10},"1":{"name":"render","decl":{"start":{"line":47,"column":9},"end":{"line":47,"column":15}},"loc":{"start":{"line":47,"column":30},"end":{"line":58,"column":1}},"line":47},"2":{"name":"(anonymous_2)","decl":{"start":{"line":51,"column":292},"end":{"line":51,"column":293}},"loc":{"start":{"line":51,"column":304},"end":{"line":57,"column":3}},"line":51}},"branchMap":{},"s":{"0":1,"1":1,"2":1,"3":2,"4":1,"5":1,"6":1,"7":1,"8":1,"9":1,"10":1,"11":1,"12":1,"13":1,"14":1,"15":2,"16":12,"17":1},"f":{"0":2,"1":2,"2":12},"b":{},"inputSourceMap":{"0":"{","1":"\"","2":"v","3":"e","4":"r","5":"s","6":"i","7":"o","8":"n","9":"\"","10":":","11":"3","12":",","13":"\"","14":"s","15":"o","16":"u","17":"r","18":"c","19":"e","20":"s","21":"\"","22":":","23":"[","24":"\"","25":"C","26":":","27":"\\","28":"\\","29":"U","30":"s","31":"e","32":"r","33":"s","34":"\\","35":"\\","36":"a","37":"b","38":"d","39":"a","40":"l","41":"\\","42":"\\","43":"O","44":"n","45":"e","46":"D","47":"r","48":"i","49":"v","50":"e","51":"\\","52":"\\","53":"D","54":"o","55":"c","56":"u","57":"m","58":"e","59":"n","60":"t","61":"s","62":"\\","63":"\\","64":"S","65":"e","66":"n","67":"e","68":"c","69":"a","70":"S","71":"e","72":"m","73":"8","74":"\\","75":"\\","76":"j","77":"o","78":"b","79":"-","80":"s","81":"e","82":"a","83":"r","84":"c","85":"h","86":"\\","87":"\\","88":"s","89":"r","90":"c","91":"\\","92":"\\","93":"c","94":"o","95":"m","96":"p","97":"o","98":"n","99":"e","100":"n","101":"t","102":"s","103":"\\","104":"\\","105":"M","106":"a","107":"i","108":"n","109":"N","110":"a","111":"v","112":".","113":"v","114":"u","115":"e","116":"\"","117":"]","118":",","119":"\"","120":"n","121":"a","122":"m","123":"e","124":"s","125":"\"","126":":","127":"[","128":"]","129":",","130":"\"","131":"m","132":"a","133":"p","134":"p","135":"i","136":"n","137":"g","138":"s","139":"\"","140":":","141":"\"","142":";","143":";","144":";","145":";","146":";","147":";","148":";","149":"e","150":"A","151":"6","152":"B","153":"e","154":";","155":"E","156":"A","157":"C","158":"b","159":",","160":"I","161":"A","162":"A","163":"I","164":",","165":"E","166":"A","167":"A","168":"E","169":",","170":"S","171":"A","172":"A","173":"S","174":";","175":"E","176":"A","177":"C","178":"f","179":",","180":"I","181":"A","182":"A","183":"I","184":",","185":"G","186":"A","187":"A","188":"G","189":";","190":"I","191":"A","192":"C","193":"L","194":",","195":"O","196":"A","197":"A","198":"O","199":";","200":"M","201":"A","202":"C","203":"L","204":",","205":"O","206":"A","207":"A","208":"O","209":",","210":"E","211":"A","212":"A","213":"E","214":",","215":"c","216":"A","217":"A","218":"c","219":";","220":"M","221":"A","222":"C","223":"v","224":"B","225":",","226":"G","227":"A","228":"A","229":"G","230":",","231":"E","232":"A","233":"A","234":"E","235":",","236":"4","237":"B","238":"A","239":"A","240":"4","241":"B","242":";","243":"M","244":"A","245":"C","246":"j","247":"C","248":",","249":"S","250":"A","251":"A","252":"S","253":",","254":"E","255":"A","256":"A","257":"E","258":",","259":"C","260":"A","261":"C","262":"T","263":",","264":"O","265":"A","266":"A","267":"O","268":",","269":"E","270":"A","271":"C","272":"P","273":",","274":"W","275":"A","276":"A","277":"W","278":",","279":"E","280":"A","281":"C","282":"X","283":",","284":"c","285":"A","286":"A","287":"c","288":",","289":"E","290":"A","291":"C","292":"d","293":",","294":"a","295":"A","296":"A","297":"a","298":",","299":"E","300":"A","301":"C","302":"b","303":",","304":"U","305":"A","306":"A","307":"U","308":",","309":"E","310":"A","311":"C","312":"V","313":",","314":"M","315":"A","316":"A","317":"M","318":";","319":"I","320":"A","321":"E","322":"V","323":",","324":"C","325":"A","326":"A","327":"C","328":";","329":"E","330":"A","331":"C","332":"H","333":";","334":"A","335":"A","336":"C","337":"F","338":",","339":"C","340":"A","341":"A","342":"C","343":";","344":"A","345":"A","346":"A","347":"A","348":";","349":"A","350":"A","351":"A","352":"A","353":"\"","354":",","355":"\"","356":"f","357":"i","358":"l","359":"e","360":"\"","361":":","362":"\"","363":"C","364":":","365":"\\","366":"\\","367":"U","368":"s","369":"e","370":"r","371":"s","372":"\\","373":"\\","374":"a","375":"b","376":"d","377":"a","378":"l","379":"\\","380":"\\","381":"O","382":"n","383":"e","384":"D","385":"r","386":"i","387":"v","388":"e","389":"\\","390":"\\","391":"D","392":"o","393":"c","394":"u","395":"m","396":"e","397":"n","398":"t","399":"s","400":"\\","401":"\\","402":"S","403":"e","404":"n","405":"e","406":"c","407":"a","408":"S","409":"e","410":"m","411":"8","412":"\\","413":"\\","414":"j","415":"o","416":"b","417":"-","418":"s","419":"e","420":"a","421":"r","422":"c","423":"h","424":"\\","425":"\\","426":"s","427":"r","428":"c","429":"\\","430":"\\","431":"c","432":"o","433":"m","434":"p","435":"o","436":"n","437":"e","438":"n","439":"t","440":"s","441":"\\","442":"\\","443":"M","444":"a","445":"i","446":"n","447":"N","448":"a","449":"v","450":".","451":"v","452":"u","453":"e","454":"\"","455":",","456":"\"","457":"s","458":"o","459":"u","460":"r","461":"c","462":"e","463":"s","464":"C","465":"o","466":"n","467":"t","468":"e","469":"n","470":"t","471":"\"","472":":","473":"[","474":"\"","475":"<","476":"t","477":"e","478":"m","479":"p","480":"l","481":"a","482":"t","483":"e","484":">","485":"\\","486":"n","487":" ","488":" ","489":"<","490":"h","491":"e","492":"a","493":"d","494":"e","495":"r","496":" ","497":"c","498":"l","499":"a","500":"s","501":"s","502":"=","503":"\\","504":"\"","505":"w","506":"-","507":"f","508":"u","509":"l","510":"l","511":" ","512":"t","513":"e","514":"x","515":"t","516":"-","517":"s","518":"m","519":"\\","520":"\"","521":">","522":"\\","523":"n","524":" ","525":" ","526":" ","527":" ","528":"<","529":"d","530":"i","531":"v","532":" ","533":"c","534":"l","535":"a","536":"s","537":"s","538":"=","539":"\\","540":"\"","541":"f","542":"i","543":"x","544":"e","545":"d","546":" ","547":"t","548":"o","549":"p","550":"-","551":"0","552":" ","553":"l","554":"e","555":"f","556":"t","557":"-","558":"0","559":" ","560":"w","561":"-","562":"f","563":"u","564":"l","565":"l","566":" ","567":"h","568":"-","569":"1","570":"6","571":" ","572":"b","573":"g","574":"-","575":"w","576":"h","577":"i","578":"t","579":"e","580":"\\","581":"\"","582":">","583":"\\","584":"n","585":" ","586":" ","587":" ","588":" ","589":" ","590":" ","591":"<","592":"d","593":"i","594":"v","595":"\\","596":"n","597":" ","598":" ","599":" ","600":" ","601":" ","602":" ","603":" ","604":" ","605":"c","606":"l","607":"a","608":"s","609":"s","610":"=","611":"\\","612":"\"","613":"f","614":"l","615":"e","616":"x","617":" ","618":"f","619":"l","620":"e","621":"x","622":"-","623":"n","624":"o","625":"w","626":"r","627":"a","628":"p","629":" ","630":"h","631":"-","632":"f","633":"u","634":"l","635":"l","636":" ","637":"p","638":"x","639":"-","640":"8","641":" ","642":"m","643":"x","644":"-","645":"a","646":"u","647":"t","648":"o","649":" ","650":"b","651":"o","652":"r","653":"d","654":"e","655":"r","656":"-","657":"b","658":" ","659":"b","660":"o","661":"r","662":"d","663":"e","664":"r","665":"-","666":"s","667":"o","668":"l","669":"i","670":"d","671":" ","672":"b","673":"o","674":"r","675":"d","676":"e","677":"r","678":"-","679":"b","680":"r","681":"a","682":"n","683":"d","684":"-","685":"g","686":"r","687":"a","688":"y","689":"-","690":"1","691":"\\","692":"\"","693":"\\","694":"n","695":" ","696":" ","697":" ","698":" ","699":" ","700":" ","701":">","702":"\\","703":"n","704":" ","705":" ","706":" ","707":" ","708":" ","709":" ","710":" ","711":" ","712":"<","713":"a","714":" ","715":":","716":"h","717":"r","718":"e","719":"f","720":"=","721":"\\","722":"\"","723":"u","724":"r","725":"l","726":"\\","727":"\"","728":" ","729":"c","730":"l","731":"a","732":"s","733":"s","734":"=","735":"\\","736":"\"","737":"f","738":"l","739":"e","740":"x","741":" ","742":"i","743":"t","744":"e","745":"m","746":"s","747":"-","748":"c","749":"e","750":"n","751":"t","752":"e","753":"r","754":" ","755":"h","756":"-","757":"f","758":"u","759":"l","760":"l","761":" ","762":"t","763":"e","764":"x","765":"t","766":"-","767":"x","768":"l","769":"\\","770":"\"","771":">","772":"\\","773":"n","774":" ","775":" ","776":" ","777":" ","778":" ","779":" ","780":" ","781":" ","782":" ","783":" ","784":"{","785":"{","786":" ","787":"c","788":"o","789":"m","790":"p","791":"a","792":"n","793":"y","794":" ","795":"}","796":"}","797":"\\","798":"n","799":" ","800":" ","801":" ","802":" ","803":" ","804":" ","805":" ","806":" ","807":"<","808":"/","809":"a","810":">","811":"\\","812":"n","813":" ","814":" ","815":" ","816":" ","817":" ","818":" ","819":" ","820":" ","821":"<","822":"n","823":"a","824":"v","825":" ","826":"c","827":"l","828":"a","829":"s","830":"s","831":"=","832":"\\","833":"\"","834":"h","835":"-","836":"f","837":"u","838":"l","839":"l","840":" ","841":"m","842":"l","843":"-","844":"1","845":"2","846":"\\","847":"\"","848":">","849":"\\","850":"n","851":" ","852":" ","853":" ","854":" ","855":" ","856":" ","857":" ","858":" ","859":" ","860":" ","861":"<","862":"u","863":"l","864":" ","865":"c","866":"l","867":"a","868":"s","869":"s","870":"=","871":"\\","872":"\"","873":"f","874":"l","875":"e","876":"x","877":" ","878":"h","879":"-","880":"f","881":"u","882":"l","883":"l","884":" ","885":"p","886":"-","887":"0","888":" ","889":"m","890":"-","891":"0","892":" ","893":"l","894":"i","895":"s","896":"t","897":"-","898":"n","899":"o","900":"n","901":"e","902":"\\","903":"\"","904":">","905":"\\","906":"n","907":" ","908":" ","909":" ","910":" ","911":" ","912":" ","913":" ","914":" ","915":" ","916":" ","917":" ","918":" ","919":"<","920":"l","921":"i","922":"\\","923":"n","924":" ","925":" ","926":" ","927":" ","928":" ","929":" ","930":" ","931":" ","932":" ","933":" ","934":" ","935":" ","936":" ","937":" ","938":"v","939":"-","940":"f","941":"o","942":"r","943":"=","944":"\\","945":"\"","946":"m","947":"e","948":"n","949":"u","950":"I","951":"t","952":"e","953":"m","954":" ","955":"i","956":"n","957":" ","958":"m","959":"e","960":"n","961":"u","962":"I","963":"t","964":"e","965":"m","966":"s","967":"\\","968":"\"","969":"\\","970":"n","971":" ","972":" ","973":" ","974":" ","975":" ","976":" ","977":" ","978":" ","979":" ","980":" ","981":" ","982":" ","983":" ","984":" ","985":":","986":"k","987":"e","988":"y","989":"=","990":"\\","991":"\"","992":"m","993":"e","994":"n","995":"u","996":"I","997":"t","998":"e","999":"m","1000":"\\","1001":"\"","1002":"\\","1003":"n","1004":" ","1005":" ","1006":" ","1007":" ","1008":" ","1009":" ","1010":" ","1011":" ","1012":" ","1013":" ","1014":" ","1015":" ","1016":" ","1017":" ","1018":"c","1019":"l","1020":"a","1021":"s","1022":"s","1023":"=","1024":"\\","1025":"\"","1026":"h","1027":"-","1028":"f","1029":"u","1030":"l","1031":"l","1032":" ","1033":"m","1034":"l","1035":"-","1036":"9","1037":" ","1038":"f","1039":"i","1040":"r","1041":"s","1042":"t","1043":":","1044":"m","1045":"l","1046":"-","1047":"0","1048":"\\","1049":"\"","1050":"\\","1051":"n","1052":" ","1053":" ","1054":" ","1055":" ","1056":" ","1057":" ","1058":" ","1059":" ","1060":" ","1061":" ","1062":" ","1063":" ","1064":" ","1065":" ","1066":"d","1067":"a","1068":"t","1069":"a","1070":"-","1071":"t","1072":"e","1073":"s","1074":"t","1075":"=","1076":"\\","1077":"\"","1078":"m","1079":"a","1080":"i","1081":"n","1082":"-","1083":"n","1084":"a","1085":"v","1086":"-","1087":"l","1088":"i","1089":"s","1090":"t","1091":"-","1092":"i","1093":"t","1094":"e","1095":"m","1096":"\\","1097":"\"","1098":"\\","1099":"n","1100":" ","1101":" ","1102":" ","1103":" ","1104":" ","1105":" ","1106":" ","1107":" ","1108":" ","1109":" ","1110":" ","1111":" ","1112":">","1113":"\\","1114":"n","1115":" ","1116":" ","1117":" ","1118":" ","1119":" ","1120":" ","1121":" ","1122":" ","1123":" ","1124":" ","1125":" ","1126":" ","1127":" ","1128":" ","1129":"<","1130":"a","1131":" ","1132":"h","1133":"r","1134":"e","1135":"f","1136":"=","1137":"\\","1138":"\"","1139":"\\","1140":"\"","1141":" ","1142":"c","1143":"l","1144":"a","1145":"s","1146":"s","1147":"=","1148":"\\","1149":"\"","1150":"f","1151":"l","1152":"e","1153":"x","1154":" ","1155":"i","1156":"t","1157":"e","1158":"m","1159":"s","1160":"-","1161":"c","1162":"e","1163":"n","1164":"t","1165":"e","1166":"r","1167":" ","1168":"h","1169":"-","1170":"f","1171":"u","1172":"l","1173":"l","1174":" ","1175":"p","1176":"y","1177":"-","1178":"2","1179":".","1180":"5","1181":"\\","1182":"\"","1183":">","1184":"\\","1185":"n","1186":" ","1187":" ","1188":" ","1189":" ","1190":" ","1191":" ","1192":" ","1193":" ","1194":" ","1195":" ","1196":" ","1197":" ","1198":" ","1199":" ","1200":" ","1201":" ","1202":"{","1203":"{","1204":" ","1205":"m","1206":"e","1207":"n","1208":"u","1209":"I","1210":"t","1211":"e","1212":"m","1213":" ","1214":"}","1215":"}","1216":"<","1217":"/","1218":"a","1219":"\\","1220":"n","1221":" ","1222":" ","1223":" ","1224":" ","1225":" ","1226":" ","1227":" ","1228":" ","1229":" ","1230":" ","1231":" ","1232":" ","1233":" ","1234":" ","1235":">","1236":"\\","1237":"n","1238":" ","1239":" ","1240":" ","1241":" ","1242":" ","1243":" ","1244":" ","1245":" ","1246":" ","1247":" ","1248":" ","1249":" ","1250":"<","1251":"/","1252":"l","1253":"i","1254":">","1255":"\\","1256":"n","1257":" ","1258":" ","1259":" ","1260":" ","1261":" ","1262":" ","1263":" ","1264":" ","1265":" ","1266":" ","1267":"<","1268":"/","1269":"u","1270":"l","1271":">","1272":"\\","1273":"n","1274":" ","1275":" ","1276":" ","1277":" ","1278":" ","1279":" ","1280":" ","1281":" ","1282":"<","1283":"/","1284":"n","1285":"a","1286":"v","1287":">","1288":"\\","1289":"n","1290":" ","1291":" ","1292":" ","1293":" ","1294":" ","1295":" ","1296":"<","1297":"/","1298":"d","1299":"i","1300":"v","1301":">","1302":"\\","1303":"n","1304":" ","1305":" ","1306":" ","1307":" ","1308":"<","1309":"/","1310":"d","1311":"i","1312":"v","1313":">","1314":"\\","1315":"n","1316":" ","1317":" ","1318":"<","1319":"/","1320":"h","1321":"e","1322":"a","1323":"d","1324":"e","1325":"r","1326":">","1327":"\\","1328":"n","1329":"<","1330":"/","1331":"t","1332":"e","1333":"m","1334":"p","1335":"l","1336":"a","1337":"t","1338":"e","1339":">","1340":"\\","1341":"n","1342":"\\","1343":"n","1344":"<","1345":"s","1346":"c","1347":"r","1348":"i","1349":"p","1350":"t","1351":">","1352":"\\","1353":"n","1354":"e","1355":"x","1356":"p","1357":"o","1358":"r","1359":"t","1360":" ","1361":"d","1362":"e","1363":"f","1364":"a","1365":"u","1366":"l","1367":"t","1368":" ","1369":"{","1370":"\\","1371":"n","1372":" ","1373":" ","1374":"n","1375":"a","1376":"m","1377":"e","1378":":","1379":" ","1380":"\\","1381":"\"","1382":"M","1383":"a","1384":"i","1385":"n","1386":"N","1387":"a","1388":"v","1389":"\\","1390":"\"","1391":",","1392":"\\","1393":"n","1394":" ","1395":" ","1396":"d","1397":"a","1398":"t","1399":"a","1400":"(","1401":")","1402":" ","1403":"{","1404":"\\","1405":"n","1406":" ","1407":" ","1408":" ","1409":" ","1410":"r","1411":"e","1412":"t","1413":"u","1414":"r","1415":"n","1416":" ","1417":"{","1418":"\\","1419":"n","1420":" ","1421":" ","1422":" ","1423":" ","1424":" ","1425":" ","1426":"c","1427":"o","1428":"m","1429":"p","1430":"a","1431":"n","1432":"y","1433":":","1434":" ","1435":"\\","1436":"\"","1437":"A","1438":"d","1439":"e","1440":"n","1441":" ","1442":"C","1443":"a","1444":"r","1445":"e","1446":"e","1447":"r","1448":"s","1449":"\\","1450":"\"","1451":",","1452":"\\","1453":"n","1454":" ","1455":" ","1456":" ","1457":" ","1458":" ","1459":" ","1460":"u","1461":"r","1462":"l","1463":":","1464":" ","1465":"\\","1466":"\"","1467":"h","1468":"t","1469":"t","1470":"p","1471":"s","1472":":","1473":"/","1474":"/","1475":"c","1476":"a","1477":"r","1478":"e","1479":"e","1480":"r","1481":"s","1482":".","1483":"g","1484":"o","1485":"o","1486":"g","1487":"l","1488":"e","1489":".","1490":"c","1491":"o","1492":"m","1493":"\\","1494":"\"","1495":",","1496":"\\","1497":"n","1498":" ","1499":" ","1500":" ","1501":" ","1502":" ","1503":" ","1504":"m","1505":"e","1506":"n","1507":"u","1508":"I","1509":"t","1510":"e","1511":"m","1512":"s","1513":":","1514":" ","1515":"[","1516":"\\","1517":"n","1518":" ","1519":" ","1520":" ","1521":" ","1522":" ","1523":" ","1524":" ","1525":" ","1526":"\\","1527":"\"","1528":"T","1529":"e","1530":"a","1531":"m","1532":"s","1533":"\\","1534":"\"","1535":",","1536":"\\","1537":"n","1538":" ","1539":" ","1540":" ","1541":" ","1542":" ","1543":" ","1544":" ","1545":" ","1546":"\\","1547":"\"","1548":"L","1549":"o","1550":"c","1551":"a","1552":"t","1553":"i","1554":"o","1555":"n","1556":"s","1557":"\\","1558":"\"","1559":",","1560":"\\","1561":"n","1562":" ","1563":" ","1564":" ","1565":" ","1566":" ","1567":" ","1568":" ","1569":" ","1570":"\\","1571":"\"","1572":"L","1573":"i","1574":"f","1575":"e","1576":" ","1577":"a","1578":"t","1579":" ","1580":"A","1581":"d","1582":"e","1583":"n","1584":"\\","1585":"\"","1586":",","1587":"\\","1588":"n","1589":" ","1590":" ","1591":" ","1592":" ","1593":" ","1594":" ","1595":" ","1596":" ","1597":"\\","1598":"\"","1599":"H","1600":"o","1601":"w","1602":" ","1603":"w","1604":"e","1605":" ","1606":"h","1607":"i","1608":"r","1609":"e","1610":"\\","1611":"\"","1612":",","1613":"\\","1614":"n","1615":" ","1616":" ","1617":" ","1618":" ","1619":" ","1620":" ","1621":" ","1622":" ","1623":"\\","1624":"\"","1625":"S","1626":"t","1627":"u","1628":"d","1629":"e","1630":"n","1631":"t","1632":"s","1633":"\\","1634":"\"","1635":",","1636":"\\","1637":"n","1638":" ","1639":" ","1640":" ","1641":" ","1642":" ","1643":" ","1644":" ","1645":" ","1646":"\\","1647":"\"","1648":"J","1649":"o","1650":"b","1651":"s","1652":"\\","1653":"\"","1654":",","1655":"\\","1656":"n","1657":" ","1658":" ","1659":" ","1660":" ","1661":" ","1662":" ","1663":"]","1664":",","1665":"\\","1666":"n","1667":" ","1668":" ","1669":" ","1670":" ","1671":"}","1672":";","1673":"\\","1674":"n","1675":" ","1676":" ","1677":"}","1678":",","1679":"\\","1680":"n","1681":"}","1682":";","1683":"\\","1684":"n","1685":"<","1686":"/","1687":"s","1688":"c","1689":"r","1690":"i","1691":"p","1692":"t","1693":">","1694":"\\","1695":"n","1696":"\"","1697":"]","1698":"}"},"_coverageSchema":"1a1c01bbd47fc00a2c39e90264f33305004495a9","hash":"8663c281fdf1fa1ab08d6e2b7731a5fcded5169c"}
}
