{"C:\\Users\\abdal\\OneDrive\\Documents\\SenecaSem8\\job-search\\src\\components\\MainNav.vue": {"path":"C:\\Users\\abdal\\OneDrive\\Documents\\SenecaSem8\\job-search\\src\\components\\MainNav.vue","statementMap":{"0":{"start":{"line":4,"column":0},"end":{"line":6,"column":3}},"1":{"start":{"line":7,"column":0},"end":{"line":7,"column":25}},"2":{"start":{"line":8,"column":15},"end":{"line":15,"column":1}},"3":{"start":{"line":11,"column":4},"end":{"line":13,"column":6}},"4":{"start":{"line":18,"column":0},"end":{"line":18,"column":13}},"5":{"start":{"line":20,"column":0},"end":{"line":22,"column":3}},"6":{"start":{"line":23,"column":0},"end":{"line":23,"column":24}},"7":{"start":{"line":24,"column":11},"end":{"line":24,"column":25}},"8":{"start":{"line":25,"column":19},"end":{"line":27,"column":1}},"9":{"start":{"line":28,"column":19},"end":{"line":30,"column":1}},"10":{"start":{"line":31,"column":19},"end":{"line":33,"column":1}},"11":{"start":{"line":34,"column":19},"end":{"line":37,"column":1}},"12":{"start":{"line":39,"column":2},"end":{"line":39,"column":289}},"13":{"start":{"line":40,"column":2},"end":{"line":40,"column":49}}},"fnMap":{"0":{"name":"(anonymous_0)","decl":{"start":{"line":10,"column":2},"end":{"line":10,"column":3}},"loc":{"start":{"line":10,"column":9},"end":{"line":14,"column":3}},"line":10},"1":{"name":"render","decl":{"start":{"line":38,"column":9},"end":{"line":38,"column":15}},"loc":{"start":{"line":38,"column":30},"end":{"line":40,"column":1}},"line":38}},"branchMap":{},"s":{"0":1,"1":1,"2":1,"3":1,"4":1,"5":1,"6":1,"7":1,"8":1,"9":1,"10":1,"11":1,"12":1,"13":1},"f":{"0":1,"1":1},"b":{},"inputSourceMap":{"0":"{","1":"\"","2":"v","3":"e","4":"r","5":"s","6":"i","7":"o","8":"n","9":"\"","10":":","11":"3","12":",","13":"\"","14":"s","15":"o","16":"u","17":"r","18":"c","19":"e","20":"s","21":"\"","22":":","23":"[","24":"\"","25":"C","26":":","27":"\\","28":"\\","29":"U","30":"s","31":"e","32":"r","33":"s","34":"\\","35":"\\","36":"a","37":"b","38":"d","39":"a","40":"l","41":"\\","42":"\\","43":"O","44":"n","45":"e","46":"D","47":"r","48":"i","49":"v","50":"e","51":"\\","52":"\\","53":"D","54":"o","55":"c","56":"u","57":"m","58":"e","59":"n","60":"t","61":"s","62":"\\","63":"\\","64":"S","65":"e","66":"n","67":"e","68":"c","69":"a","70":"S","71":"e","72":"m","73":"8","74":"\\","75":"\\","76":"j","77":"o","78":"b","79":"-","80":"s","81":"e","82":"a","83":"r","84":"c","85":"h","86":"\\","87":"\\","88":"s","89":"r","90":"c","91":"\\","92":"\\","93":"c","94":"o","95":"m","96":"p","97":"o","98":"n","99":"e","100":"n","101":"t","102":"s","103":"\\","104":"\\","105":"M","106":"a","107":"i","108":"n","109":"N","110":"a","111":"v","112":".","113":"v","114":"u","115":"e","116":"\"","117":"]","118":",","119":"\"","120":"n","121":"a","122":"m","123":"e","124":"s","125":"\"","126":":","127":"[","128":"]","129":",","130":"\"","131":"m","132":"a","133":"p","134":"p","135":"i","136":"n","137":"g","138":"s","139":"\"","140":":","141":"\"","142":";","143":";","144":";","145":";","146":";","147":";","148":";","149":"e","150":"A","151":"e","152":"e","153":";","154":"E","155":"A","156":"C","157":"b","158":",","159":"I","160":"A","161":"A","162":"I","163":",","164":"E","165":"A","166":"A","167":"E","168":",","169":"S","170":"A","171":"A","172":"S","173":";","174":"E","175":"A","176":"C","177":"f","178":",","179":"I","180":"A","181":"A","182":"I","183":",","184":"G","185":"A","186":"A","187":"G","188":";","189":"I","190":"A","191":"C","192":"L","193":",","194":"O","195":"A","196":"A","197":"O","198":";","199":"M","200":"A","201":"C","202":"L","203":",","204":"O","205":"A","206":"A","207":"O","208":",","209":"E","210":"A","211":"A","212":"E","213":";","214":"I","215":"A","216":"C","217":"X","218":",","219":"C","220":"A","221":"A","222":"C","223":";","224":"E","225":"A","226":"C","227":"H","228":";","229":"A","230":"A","231":"C","232":"F","233":",","234":"C","235":"A","236":"A","237":"C","238":";","239":"A","240":"A","241":"A","242":"A","243":";","244":"A","245":"A","246":"A","247":"A","248":"\"","249":",","250":"\"","251":"f","252":"i","253":"l","254":"e","255":"\"","256":":","257":"\"","258":"C","259":":","260":"\\","261":"\\","262":"U","263":"s","264":"e","265":"r","266":"s","267":"\\","268":"\\","269":"a","270":"b","271":"d","272":"a","273":"l","274":"\\","275":"\\","276":"O","277":"n","278":"e","279":"D","280":"r","281":"i","282":"v","283":"e","284":"\\","285":"\\","286":"D","287":"o","288":"c","289":"u","290":"m","291":"e","292":"n","293":"t","294":"s","295":"\\","296":"\\","297":"S","298":"e","299":"n","300":"e","301":"c","302":"a","303":"S","304":"e","305":"m","306":"8","307":"\\","308":"\\","309":"j","310":"o","311":"b","312":"-","313":"s","314":"e","315":"a","316":"r","317":"c","318":"h","319":"\\","320":"\\","321":"s","322":"r","323":"c","324":"\\","325":"\\","326":"c","327":"o","328":"m","329":"p","330":"o","331":"n","332":"e","333":"n","334":"t","335":"s","336":"\\","337":"\\","338":"M","339":"a","340":"i","341":"n","342":"N","343":"a","344":"v","345":".","346":"v","347":"u","348":"e","349":"\"","350":",","351":"\"","352":"s","353":"o","354":"u","355":"r","356":"c","357":"e","358":"s","359":"C","360":"o","361":"n","362":"t","363":"e","364":"n","365":"t","366":"\"","367":":","368":"[","369":"\"","370":"<","371":"t","372":"e","373":"m","374":"p","375":"l","376":"a","377":"t","378":"e","379":">","380":"\\","381":"n","382":" ","383":" ","384":"<","385":"h","386":"e","387":"a","388":"d","389":"e","390":"r","391":" ","392":"c","393":"l","394":"a","395":"s","396":"s","397":"=","398":"\\","399":"\"","400":"w","401":"-","402":"f","403":"u","404":"l","405":"l","406":" ","407":"t","408":"e","409":"x","410":"t","411":"-","412":"s","413":"m","414":"\\","415":"\"","416":">","417":"\\","418":"n","419":" ","420":" ","421":" ","422":" ","423":"<","424":"d","425":"i","426":"v","427":" ","428":"c","429":"l","430":"a","431":"s","432":"s","433":"=","434":"\\","435":"\"","436":"f","437":"i","438":"x","439":"e","440":"d","441":" ","442":"t","443":"o","444":"p","445":"-","446":"0","447":" ","448":"l","449":"e","450":"f","451":"t","452":"-","453":"0","454":" ","455":"w","456":"-","457":"f","458":"u","459":"l","460":"l","461":" ","462":"h","463":"-","464":"1","465":"6","466":" ","467":"b","468":"g","469":"-","470":"w","471":"h","472":"i","473":"t","474":"e","475":"\\","476":"\"","477":">","478":"\\","479":"n","480":" ","481":" ","482":" ","483":" ","484":" ","485":" ","486":"<","487":"d","488":"i","489":"v","490":"\\","491":"n","492":" ","493":" ","494":" ","495":" ","496":" ","497":" ","498":" ","499":" ","500":"c","501":"l","502":"a","503":"s","504":"s","505":"=","506":"\\","507":"\"","508":"f","509":"l","510":"e","511":"x","512":" ","513":"f","514":"l","515":"e","516":"x","517":"-","518":"n","519":"o","520":"w","521":"r","522":"a","523":"p","524":" ","525":"h","526":"-","527":"f","528":"u","529":"l","530":"l","531":" ","532":"p","533":"x","534":"-","535":"8","536":" ","537":"m","538":"x","539":"-","540":"a","541":"u","542":"t","543":"o","544":" ","545":"b","546":"o","547":"r","548":"d","549":"e","550":"r","551":"-","552":"b","553":" ","554":"b","555":"o","556":"r","557":"d","558":"e","559":"r","560":"-","561":"s","562":"o","563":"l","564":"i","565":"d","566":" ","567":"b","568":"o","569":"r","570":"d","571":"e","572":"r","573":"-","574":"b","575":"r","576":"a","577":"n","578":"d","579":"-","580":"g","581":"r","582":"a","583":"y","584":"-","585":"1","586":"\\","587":"\"","588":"\\","589":"n","590":" ","591":" ","592":" ","593":" ","594":" ","595":" ","596":">","597":"\\","598":"n","599":" ","600":" ","601":" ","602":" ","603":" ","604":" ","605":" ","606":" ","607":"<","608":"a","609":" ","610":"h","611":"r","612":"e","613":"f","614":"=","615":"\\","616":"\"","617":"/","618":"\\","619":"\"","620":" ","621":"c","622":"l","623":"a","624":"s","625":"s","626":"=","627":"\\","628":"\"","629":"f","630":"l","631":"e","632":"x","633":" ","634":"i","635":"t","636":"e","637":"m","638":"s","639":"-","640":"c","641":"e","642":"n","643":"t","644":"e","645":"r","646":" ","647":"h","648":"-","649":"f","650":"u","651":"l","652":"l","653":" ","654":"t","655":"e","656":"x","657":"t","658":"-","659":"x","660":"l","661":"\\","662":"\"","663":">","664":"\\","665":"n","666":" ","667":" ","668":" ","669":" ","670":" ","671":" ","672":" ","673":" ","674":" ","675":" ","676":"{","677":"{","678":" ","679":"c","680":"o","681":"m","682":"p","683":"a","684":"n","685":"y","686":" ","687":"}","688":"}","689":"\\","690":"n","691":" ","692":" ","693":" ","694":" ","695":" ","696":" ","697":" ","698":" ","699":"<","700":"/","701":"a","702":">","703":"\\","704":"n","705":" ","706":" ","707":" ","708":" ","709":" ","710":" ","711":"<","712":"/","713":"d","714":"i","715":"v","716":">","717":"\\","718":"n","719":" ","720":" ","721":" ","722":" ","723":"<","724":"/","725":"d","726":"i","727":"v","728":">","729":"\\","730":"n","731":" ","732":" ","733":"<","734":"/","735":"h","736":"e","737":"a","738":"d","739":"e","740":"r","741":">","742":"\\","743":"n","744":"<","745":"/","746":"t","747":"e","748":"m","749":"p","750":"l","751":"a","752":"t","753":"e","754":">","755":"\\","756":"n","757":"\\","758":"n","759":"<","760":"s","761":"c","762":"r","763":"i","764":"p","765":"t","766":">","767":"\\","768":"n","769":"e","770":"x","771":"p","772":"o","773":"r","774":"t","775":" ","776":"d","777":"e","778":"f","779":"a","780":"u","781":"l","782":"t","783":" ","784":"{","785":"\\","786":"n","787":" ","788":" ","789":"n","790":"a","791":"m","792":"e","793":":","794":" ","795":"\\","796":"\"","797":"M","798":"a","799":"i","800":"n","801":"N","802":"a","803":"v","804":"\\","805":"\"","806":",","807":"\\","808":"n","809":" ","810":" ","811":"d","812":"a","813":"t","814":"a","815":"(","816":")","817":" ","818":"{","819":"\\","820":"n","821":" ","822":" ","823":" ","824":" ","825":"r","826":"e","827":"t","828":"u","829":"r","830":"n","831":" ","832":"{","833":"\\","834":"n","835":" ","836":" ","837":" ","838":" ","839":" ","840":" ","841":"c","842":"o","843":"m","844":"p","845":"a","846":"n","847":"y","848":":","849":" ","850":"\\","851":"\"","852":"I","853":"l","854":"l","855":"i","856":"t","857":"e","858":" ","859":"C","860":"a","861":"r","862":"e","863":"e","864":"r","865":"s","866":"\\","867":"\"","868":",","869":"\\","870":"n","871":" ","872":" ","873":" ","874":" ","875":"}","876":";","877":"\\","878":"n","879":" ","880":" ","881":"}","882":",","883":"\\","884":"n","885":"}","886":";","887":"\\","888":"n","889":"<","890":"/","891":"s","892":"c","893":"r","894":"i","895":"p","896":"t","897":">","898":"\\","899":"n","900":"\"","901":"]","902":"}"},"_coverageSchema":"1a1c01bbd47fc00a2c39e90264f33305004495a9","hash":"21206a199aae79ee6fb7ccf1a7d9299898250b04"}
}
