TN:
SF:src\components\ActionButton.vue
FN:23,render
FNF:1
FNH:1
FNDA:4,render
DA:4,1
DA:7,1
DA:8,1
DA:13,1
DA:15,1
DA:18,1
DA:19,1
DA:20,1
DA:24,4
DA:25,1
LF:10
LH:10
BRF:0
BRH:0
end_of_record
TN:
SF:src\components\MainNav.vue
FN:79,render
FN:85,(anonymous_1)
FNF:2
FNH:2
FNDA:5,render
FNDA:30,(anonymous_1)
DA:4,1
DA:5,1
DA:8,1
DA:49,1
DA:51,1
DA:54,1
DA:55,1
DA:56,1
DA:59,1
DA:62,1
DA:65,1
DA:66,1
DA:69,1
DA:72,1
DA:76,1
DA:80,5
DA:81,5
DA:82,5
DA:86,30
DA:100,1
LF:20
LH:20
BRDA:91,0,0,1
BRDA:91,0,1,4
BRF:2
BRH:2
end_of_record
TN:
SF:src\components\ProfileImage.vue
FN:10,(anonymous_0)
FN:26,render
FNF:2
FNH:2
FNDA:1,(anonymous_0)
FNDA:1,render
DA:4,1
DA:7,1
DA:8,1
DA:11,1
DA:18,1
DA:20,1
DA:23,1
DA:24,1
DA:25,1
DA:27,1
DA:31,1
LF:11
LH:11
BRF:0
BRH:0
end_of_record
